Arguments: 
  /usr/local/bin/node /usr/local/bin/yarn add lerna -D

PATH: 
  /usr/local/bin:/usr/bin:/bin:/usr/sbin:/sbin

Yarn version: 
  1.22.5

Node version: 
  12.18.4

Platform: 
  darwin x64

Trace: 
  Error: EACCES: permission denied, rmdir '/Users/zhuo/Desktop/daydayup/z-cli/node_modules/_@babel_code-frame@7.14.5@@babel/code-frame'

npm manifest: 
  {
    "name": "z-cli",
    "version": "1.0.0",
    "description": "",
    "main": "index.js",
    "scripts": {
      "test": "echo \"Error: no test specified\" && exit 1"
    },
    "author": "",
    "license": "ISC",
    "dependencies": {
    }
  }

yarn manifest: 
  No manifest

Lockfile: 
  No lockfile
